mktextfm ../../fonts/ubuntu-mono/regular
mktextfm ../../fonts/ubuntu-mono/regular
mktextfm ../../fonts/ubuntu-mono/regular
mktextfm ../../fonts/ubuntu-mono/regular
mktextfm ../../fonts/ubuntu-mono/bold
mktextfm ../../fonts/ubuntu-mono/bold
mktextfm ../../fonts/ubuntu-mono/italic
mktextfm ../../fonts/ubuntu-mono/italic
mktextfm ../../fonts/ubuntu-mono/bold-italic
mktextfm ../../fonts/ubuntu-mono/bold-italic
mktextfm ../../fonts/ubuntu-mono/regular
mktextfm ../../fonts/ubuntu-mono/regular
mktextfm ../../fonts/ubuntu-mono/regular
mktextfm ../../fonts/ubuntu-mono/regular
mktextfm ../../fonts/ubuntu-mono/bold
mktextfm ../../fonts/ubuntu-mono/bold
mktextfm ../../fonts/ubuntu-mono/italic
mktextfm ../../fonts/ubuntu-mono/italic
mktextfm ../../fonts/ubuntu-mono/bold-italic
mktextfm ../../fonts/ubuntu-mono/bold-italic
mktextfm course/fonts/ubuntu-mono/regular
mktextfm course/fonts/ubuntu-mono/regular
mktextfm course/fonts/ubuntu-mono/regular
mktextfm course/fonts/ubuntu-mono/regular
mktextfm ../../fonts/ubuntu-mono/bold
mktextfm ../../fonts/ubuntu-mono/bold
mktextfm ../../fonts/ubuntu-mono/italic
mktextfm ../../fonts/ubuntu-mono/italic
mktextfm ../../fonts/ubuntu-mono/bold-italic
mktextfm ../../fonts/ubuntu-mono/bold-italic
mktextfm course/fonts/ubuntu-mono/regular
mktextfm course/fonts/ubuntu-mono/regular
mktextfm course/fonts/ubuntu-mono/regular
mktextfm course/fonts/ubuntu-mono/regular
mktextfm ../../fonts/ubuntu-mono/bold
mktextfm ../../fonts/ubuntu-mono/bold
mktextfm ../../fonts/ubuntu-mono/italic
mktextfm ../../fonts/ubuntu-mono/italic
mktextfm ../../fonts/ubuntu-mono/bold-italic
mktextfm ../../fonts/ubuntu-mono/bold-italic
mktextfm course/fonts/ubuntu-mono/regular
mktextfm course/fonts/ubuntu-mono/regular
mktextfm course/fonts/ubuntu-mono/regular
mktextfm course/fonts/ubuntu-mono/regular
mktextfm ../../fonts/ubuntu-mono/bold
mktextfm ../../fonts/ubuntu-mono/bold
mktextfm ../../fonts/ubuntu-mono/italic
mktextfm ../../fonts/ubuntu-mono/italic
mktextfm ../../fonts/ubuntu-mono/bold-italic
mktextfm ../../fonts/ubuntu-mono/bold-italic
mktextfm regular
mktextfm regular
mktextfm regular
mktextfm regular
mktextfm ../../fonts/ubuntu-mono/bold
mktextfm ../../fonts/ubuntu-mono/bold
mktextfm ../../fonts/ubuntu-mono/italic
mktextfm ../../fonts/ubuntu-mono/italic
mktextfm ../../fonts/ubuntu-mono/bold-italic
mktextfm ../../fonts/ubuntu-mono/bold-italic
mktextfm 
mktextfm 
mktextfm 
mktextfm 
mktextfm 
mktextfm 
mktextfm 
mktextfm 
mktextfm 
mktextfm 
mktextfm 
mktextfm 
